# JRE version: OpenJDK Runtime Environment (17.0.6) (build 17.0.6+0-b2043.56-10027231)
# Java VM: OpenJDK 64-Bit Server VM (17.0.6+0-b2043.56-10027231, mixed mode, tiered, compressed oops, compressed class ptrs, g1 gc, windows-amd64)
GC Precious Log:
 CPUs: 12 total, 12 available
 Memory: 16205M
 Large Page Support: Disabled
 NUMA Support: Disabled
 Compressed Oops: Enabled (32-bit)
 Heap Region Size: 1M
 Heap Min Capacity: 8M
 Heap Initial Capacity: 254M
 Heap Max Capacity: 2G
 Pre-touch: Disabled
 Parallel Workers: 10
 Concurrent Workers: 3
 Concurrent Refinement Workers: 10
 Periodic GC: Disabled
Heap:
 garbage-first heap   total 390144K, used 136385K [0x0000000080000000, 0x0000000100000000)
  region size 1024K, 1 young (1024K), 1 survivors (1024K)
 Metaspace       used 141138K, committed 142720K, reserved 1179648K
  class space    used 19360K, committed 20160K, reserved 1048576K
GC Heap History (20 events):
Event: 649.847 GC heap after
{Heap after GC invocations=63 (full 0):
 garbage-first heap   total 390144K, used 168585K [0x0000000080000000, 0x0000000100000000)
  region size 1024K, 1 young (1024K), 1 survivors (1024K)
 Metaspace       used 133577K, committed 134592K, reserved 1171456K
  class space    used 18499K, committed 19008K, reserved 1048576K
}
Event: 650.321 GC heap before
{Heap before GC invocations=63 (full 0):
 garbage-first heap   total 390144K, used 235145K [0x0000000080000000, 0x0000000100000000)
  region size 1024K, 68 young (69632K), 1 survivors (1024K)
 Metaspace       used 133723K, committed 134784K, reserved 1171456K
  class space    used 18500K, committed 19008K, reserved 1048576K
}
Event: 650.324 GC heap after
{Heap after GC invocations=64 (full 0):
 garbage-first heap   total 390144K, used 168694K [0x0000000080000000, 0x0000000100000000)
  region size 1024K, 2 young (2048K), 2 survivors (2048K)
 Metaspace       used 133723K, committed 134784K, reserved 1171456K
  class space    used 18500K, committed 19008K, reserved 1048576K
}
Event: 881.765 GC heap before
{Heap before GC invocations=65 (full 0):
 garbage-first heap   total 390144K, used 341750K [0x0000000080000000, 0x0000000100000000)
  region size 1024K, 154 young (157696K), 2 survivors (2048K)
 Metaspace       used 134665K, committed 136064K, reserved 1171456K
  class space    used 18677K, committed 19328K, reserved 1048576K
}
Event: 881.787 GC heap after
{Heap after GC invocations=66 (full 0):
 garbage-first heap   total 390144K, used 160570K [0x0000000080000000, 0x0000000100000000)
  region size 1024K, 15 young (15360K), 15 survivors (15360K)
 Metaspace       used 134665K, committed 136064K, reserved 1171456K
  class space    used 18677K, committed 19328K, reserved 1048576K
}
Event: 881.826 GC heap before
{Heap before GC invocations=66 (full 0):
 garbage-first heap   total 390144K, used 164666K [0x0000000080000000, 0x0000000100000000)
  region size 1024K, 19 young (19456K), 15 survivors (15360K)
 Metaspace       used 134668K, committed 136064K, reserved 1171456K
  class space    used 18677K, committed 19328K, reserved 1048576K
}
Event: 881.844 GC heap after
{Heap after GC invocations=67 (full 0):
 garbage-first heap   total 390144K, used 145466K [0x0000000080000000, 0x0000000100000000)
  region size 1024K, 2 young (2048K), 2 survivors (2048K)
 Metaspace       used 134668K, committed 136064K, reserved 1171456K
  class space    used 18677K, committed 19328K, reserved 1048576K
}
Event: 882.584 GC heap before
{Heap before GC invocations=67 (full 0):
 garbage-first heap   total 390144K, used 212026K [0x0000000080000000, 0x0000000100000000)
  region size 1024K, 69 young (70656K), 2 survivors (2048K)
 Metaspace       used 134856K, committed 136256K, reserved 1171456K
  class space    used 18695K, committed 19328K, reserved 1048576K
}
Event: 882.587 GC heap after
{Heap after GC invocations=68 (full 0):
 garbage-first heap   total 390144K, used 145018K [0x0000000080000000, 0x0000000100000000)
  region size 1024K, 1 young (1024K), 1 survivors (1024K)
 Metaspace       used 134856K, committed 136256K, reserved 1171456K
  class space    used 18695K, committed 19328K, reserved 1048576K
}
Event: 3078.611 GC heap before
{Heap before GC invocations=69 (full 0):
 garbage-first heap   total 390144K, used 366202K [0x0000000080000000, 0x0000000100000000)
  region size 1024K, 177 young (181248K), 1 survivors (1024K)
 Metaspace       used 140070K, committed 141568K, reserved 1171456K
  class space    used 19288K, committed 20032K, reserved 1048576K
}
Event: 3078.655 GC heap after
{Heap after GC invocations=70 (full 0):
 garbage-first heap   total 390144K, used 153574K [0x0000000080000000, 0x0000000100000000)
  region size 1024K, 13 young (13312K), 13 survivors (13312K)
 Metaspace       used 140070K, committed 141568K, reserved 1171456K
  class space    used 19288K, committed 20032K, reserved 1048576K
}
Event: 3078.739 GC heap before
{Heap before GC invocations=70 (full 0):
 garbage-first heap   total 390144K, used 158694K [0x0000000080000000, 0x0000000100000000)
  region size 1024K, 19 young (19456K), 13 survivors (13312K)
 Metaspace       used 140228K, committed 141760K, reserved 1171456K
  class space    used 19302K, committed 20032K, reserved 1048576K
}
Event: 3078.766 GC heap after
{Heap after GC invocations=71 (full 0):
 garbage-first heap   total 390144K, used 145364K [0x0000000080000000, 0x0000000100000000)
  region size 1024K, 2 young (2048K), 2 survivors (2048K)
 Metaspace       used 140228K, committed 141760K, reserved 1171456K
  class space    used 19302K, committed 20032K, reserved 1048576K
}
Event: 3095.074 GC heap before
{Heap before GC invocations=71 (full 0):
 garbage-first heap   total 390144K, used 289748K [0x0000000080000000, 0x0000000100000000)
  region size 1024K, 145 young (148480K), 2 survivors (2048K)
 Metaspace       used 141103K, committed 142720K, reserved 1179648K
  class space    used 19420K, committed 20160K, reserved 1048576K
}
Event: 3095.081 GC heap after
{Heap after GC invocations=72 (full 0):
 garbage-first heap   total 390144K, used 145107K [0x0000000080000000, 0x0000000100000000)
  region size 1024K, 2 young (2048K), 2 survivors (2048K)
 Metaspace       used 141103K, committed 142720K, reserved 1179648K
  class space    used 19420K, committed 20160K, reserved 1048576K
}
Event: 3123.780 GC heap before
{Heap before GC invocations=73 (full 0):
 garbage-first heap   total 390144K, used 364243K [0x0000000080000000, 0x0000000100000000)
  region size 1024K, 178 young (182272K), 2 survivors (2048K)
 Metaspace       used 141106K, committed 142720K, reserved 1179648K
  class space    used 19360K, committed 20160K, reserved 1048576K
}
Event: 3123.809 GC heap after
{Heap after GC invocations=74 (full 0):
 garbage-first heap   total 390144K, used 158886K [0x0000000080000000, 0x0000000100000000)
  region size 1024K, 15 young (15360K), 15 survivors (15360K)
 Metaspace       used 141106K, committed 142720K, reserved 1179648K
  class space    used 19360K, committed 20160K, reserved 1048576K
}
Event: 3123.843 GC heap before
{Heap before GC invocations=74 (full 0):
 garbage-first heap   total 390144K, used 162982K [0x0000000080000000, 0x0000000100000000)
  region size 1024K, 19 young (19456K), 15 survivors (15360K)
 Metaspace       used 141108K, committed 142720K, reserved 1179648K
  class space    used 19360K, committed 20160K, reserved 1048576K
}
Event: 3123.910 GC heap after
{Heap after GC invocations=75 (full 0):
 garbage-first heap   total 390144K, used 136664K [0x0000000080000000, 0x0000000100000000)
  region size 1024K, 1 young (1024K), 1 survivors (1024K)
 Metaspace       used 141108K, committed 142720K, reserved 1179648K
  class space    used 19360K, committed 20160K, reserved 1048576K
}
Event: 3124.556 GC heap before
{Heap before GC invocations=75 (full 0):
 garbage-first heap   total 390144K, used 180696K [0x0000000080000000, 0x0000000100000000)
  region size 1024K, 46 young (47104K), 1 survivors (1024K)
 Metaspace       used 141138K, committed 142720K, reserved 1179648K
  class space    used 19360K, committed 20160K, reserved 1048576K
}

